2018-05-14 15:03:41,947 [DEBUG] org.apache.http.client.protocol.RequestAddCookies  - CookieSpec selected: default
2018-05-14 15:03:41,990 [DEBUG] org.apache.http.client.protocol.RequestAuthCache  - Auth cache not set in the context
2018-05-14 15:03:41,992 [DEBUG] org.apache.http.impl.conn.PoolingHttpClientConnectionManager  - Connection request: [route: {}->http://localhost:9334][total kept alive: 0; route allocated: 0 of 2000; total allocated: 0 of 2000]
2018-05-14 15:03:42,028 [DEBUG] org.apache.http.impl.conn.PoolingHttpClientConnectionManager  - Connection leased: [id: 0][route: {}->http://localhost:9334][total kept alive: 0; route allocated: 1 of 2000; total allocated: 1 of 2000]
2018-05-14 15:03:42,033 [DEBUG] org.apache.http.impl.execchain.MainClientExec  - Opening connection {}->http://localhost:9334
2018-05-14 15:03:42,035 [DEBUG] org.apache.http.impl.conn.DefaultHttpClientConnectionOperator  - Connecting to localhost/127.0.0.1:9334
2018-05-14 15:03:42,057 [DEBUG] org.apache.http.impl.conn.DefaultHttpClientConnectionOperator  - Connection established 127.0.0.1:51041<->127.0.0.1:9334
2018-05-14 15:03:42,057 [DEBUG] org.apache.http.impl.conn.DefaultManagedHttpClientConnection  - http-outgoing-0: set socket timeout to 10800000
2018-05-14 15:03:42,057 [DEBUG] org.apache.http.impl.execchain.MainClientExec  - Executing request POST /session HTTP/1.1
2018-05-14 15:03:42,058 [DEBUG] org.apache.http.impl.execchain.MainClientExec  - Target auth state: UNCHALLENGED
2018-05-14 15:03:42,058 [DEBUG] org.apache.http.impl.execchain.MainClientExec  - Proxy auth state: UNCHALLENGED
2018-05-14 15:03:42,060 [DEBUG] org.apache.http.headers  - http-outgoing-0 >> POST /session HTTP/1.1
2018-05-14 15:03:42,060 [DEBUG] org.apache.http.headers  - http-outgoing-0 >> Content-Type: application/json; charset=utf-8
2018-05-14 15:03:42,061 [DEBUG] org.apache.http.headers  - http-outgoing-0 >> Content-Length: 661
2018-05-14 15:03:42,061 [DEBUG] org.apache.http.headers  - http-outgoing-0 >> Host: localhost:9334
2018-05-14 15:03:42,061 [DEBUG] org.apache.http.headers  - http-outgoing-0 >> Connection: Keep-Alive
2018-05-14 15:03:42,061 [DEBUG] org.apache.http.headers  - http-outgoing-0 >> User-Agent: Apache-HttpClient/4.5.2 (Java/1.8.0_171)
2018-05-14 15:03:42,061 [DEBUG] org.apache.http.headers  - http-outgoing-0 >> Accept-Encoding: gzip,deflate
2018-05-14 15:03:42,061 [DEBUG] org.apache.http.wire  - http-outgoing-0 >> "POST /session HTTP/1.1[\r][\n]"
2018-05-14 15:03:42,061 [DEBUG] org.apache.http.wire  - http-outgoing-0 >> "Content-Type: application/json; charset=utf-8[\r][\n]"
2018-05-14 15:03:42,061 [DEBUG] org.apache.http.wire  - http-outgoing-0 >> "Content-Length: 661[\r][\n]"
2018-05-14 15:03:42,061 [DEBUG] org.apache.http.wire  - http-outgoing-0 >> "Host: localhost:9334[\r][\n]"
2018-05-14 15:03:42,061 [DEBUG] org.apache.http.wire  - http-outgoing-0 >> "Connection: Keep-Alive[\r][\n]"
2018-05-14 15:03:42,061 [DEBUG] org.apache.http.wire  - http-outgoing-0 >> "User-Agent: Apache-HttpClient/4.5.2 (Java/1.8.0_171)[\r][\n]"
2018-05-14 15:03:42,062 [DEBUG] org.apache.http.wire  - http-outgoing-0 >> "Accept-Encoding: gzip,deflate[\r][\n]"
2018-05-14 15:03:42,062 [DEBUG] org.apache.http.wire  - http-outgoing-0 >> "[\r][\n]"
2018-05-14 15:03:42,062 [DEBUG] org.apache.http.wire  - http-outgoing-0 >> "{[\n]"
2018-05-14 15:03:42,062 [DEBUG] org.apache.http.wire  - http-outgoing-0 >> "  "desiredCapabilities": {[\n]"
2018-05-14 15:03:42,062 [DEBUG] org.apache.http.wire  - http-outgoing-0 >> "    "browserName": "chrome",[\n]"
2018-05-14 15:03:42,062 [DEBUG] org.apache.http.wire  - http-outgoing-0 >> "    "chromeOptions": {[\n]"
2018-05-14 15:03:42,062 [DEBUG] org.apache.http.wire  - http-outgoing-0 >> "      "args": [],[\n]"
2018-05-14 15:03:42,062 [DEBUG] org.apache.http.wire  - http-outgoing-0 >> "      "extensions": [][\n]"
2018-05-14 15:03:42,062 [DEBUG] org.apache.http.wire  - http-outgoing-0 >> "    },[\n]"
2018-05-14 15:03:42,062 [DEBUG] org.apache.http.wire  - http-outgoing-0 >> "    "version": "",[\n]"
2018-05-14 15:03:42,062 [DEBUG] org.apache.http.wire  - http-outgoing-0 >> "    "platform": "ANY"[\n]"
2018-05-14 15:03:42,062 [DEBUG] org.apache.http.wire  - http-outgoing-0 >> "  },[\n]"
2018-05-14 15:03:42,062 [DEBUG] org.apache.http.wire  - http-outgoing-0 >> "  "requiredCapabilities": {},[\n]"
2018-05-14 15:03:42,062 [DEBUG] org.apache.http.wire  - http-outgoing-0 >> "  "capabilities": {[\n]"
2018-05-14 15:03:42,062 [DEBUG] org.apache.http.wire  - http-outgoing-0 >> "    "desiredCapabilities": {[\n]"
2018-05-14 15:03:42,062 [DEBUG] org.apache.http.wire  - http-outgoing-0 >> "      "browserName": "chrome",[\n]"
2018-05-14 15:03:42,062 [DEBUG] org.apache.http.wire  - http-outgoing-0 >> "      "chromeOptions": {[\n]"
2018-05-14 15:03:42,063 [DEBUG] org.apache.http.wire  - http-outgoing-0 >> "        "args": [],[\n]"
2018-05-14 15:03:42,063 [DEBUG] org.apache.http.wire  - http-outgoing-0 >> "        "extensions": [][\n]"
2018-05-14 15:03:42,063 [DEBUG] org.apache.http.wire  - http-outgoing-0 >> "      },[\n]"
2018-05-14 15:03:42,063 [DEBUG] org.apache.http.wire  - http-outgoing-0 >> "      "version": "",[\n]"
2018-05-14 15:03:42,063 [DEBUG] org.apache.http.wire  - http-outgoing-0 >> "      "platform": "ANY"[\n]"
2018-05-14 15:03:42,063 [DEBUG] org.apache.http.wire  - http-outgoing-0 >> "    },[\n]"
2018-05-14 15:03:42,063 [DEBUG] org.apache.http.wire  - http-outgoing-0 >> "    "requiredCapabilities": {}[\n]"
2018-05-14 15:03:42,063 [DEBUG] org.apache.http.wire  - http-outgoing-0 >> "  },[\n]"
2018-05-14 15:03:42,063 [DEBUG] org.apache.http.wire  - http-outgoing-0 >> "  "alwaysMatch": {[\n]"
2018-05-14 15:03:42,063 [DEBUG] org.apache.http.wire  - http-outgoing-0 >> "    "version": "",[\n]"
2018-05-14 15:03:42,063 [DEBUG] org.apache.http.wire  - http-outgoing-0 >> "    "platform": "ANY"[\n]"
2018-05-14 15:03:42,063 [DEBUG] org.apache.http.wire  - http-outgoing-0 >> "  },[\n]"
2018-05-14 15:03:42,063 [DEBUG] org.apache.http.wire  - http-outgoing-0 >> "  "firstMatch": [[\n]"
2018-05-14 15:03:42,063 [DEBUG] org.apache.http.wire  - http-outgoing-0 >> "    {[\n]"
2018-05-14 15:03:42,063 [DEBUG] org.apache.http.wire  - http-outgoing-0 >> "      "browserName": "chrome",[\n]"
2018-05-14 15:03:42,063 [DEBUG] org.apache.http.wire  - http-outgoing-0 >> "      "chromeOptions": {[\n]"
2018-05-14 15:03:42,063 [DEBUG] org.apache.http.wire  - http-outgoing-0 >> "        "args": [],[\n]"
2018-05-14 15:03:42,064 [DEBUG] org.apache.http.wire  - http-outgoing-0 >> "        "extensions": [][\n]"
2018-05-14 15:03:42,064 [DEBUG] org.apache.http.wire  - http-outgoing-0 >> "      }[\n]"
2018-05-14 15:03:42,064 [DEBUG] org.apache.http.wire  - http-outgoing-0 >> "    }[\n]"
2018-05-14 15:03:42,064 [DEBUG] org.apache.http.wire  - http-outgoing-0 >> "  ][\n]"
2018-05-14 15:03:42,064 [DEBUG] org.apache.http.wire  - http-outgoing-0 >> "}"
2018-05-14 15:03:45,653 [DEBUG] org.apache.http.wire  - http-outgoing-0 << "HTTP/1.1 200 OK[\r][\n]"
2018-05-14 15:03:45,653 [DEBUG] org.apache.http.wire  - http-outgoing-0 << "Content-Length:835[\r][\n]"
2018-05-14 15:03:45,653 [DEBUG] org.apache.http.wire  - http-outgoing-0 << "Content-Type:application/json; charset=utf-8[\r][\n]"
2018-05-14 15:03:45,653 [DEBUG] org.apache.http.wire  - http-outgoing-0 << "[\r][\n]"
2018-05-14 15:03:45,653 [DEBUG] org.apache.http.wire  - http-outgoing-0 << "{"sessionId":"d6c373a13f3ce2050e479dc96c847143","status":0,"value":{"acceptInsecureCerts":false,"acceptSslCerts":false,"applicationCacheEnabled":false,"browserConnectionEnabled":false,"browserName":"chrome","chrome":{"chromedriverVersion":"2.38.552522 (437e6fbedfa8762dec75e2c5b3ddb86763dc9dcb)","userDataDir":"C:\\Users\\PRIYAN~1.MAL\\AppData\\Local\\Temp\\scoped_dir4920_5783"},"cssSelectorsEnabled":true,"databaseEnabled":false,"handlesAlerts":true,"hasTouchScreen":false,"javascriptEnabled":true,"locationContextEnabled":true,"mobileEmulationEnabled":false,"nativeEvents":true,"networkConnectionEnabled":false,"pageLoadStrategy":"normal","platform":"Windows NT","rotatable":false,"setWindowRect":true,"takesHeapSnapshot":true,"takesScreenshot":true,"unexpectedAlertBehaviour":"","version":"66.0.3359.117","webStorageEnabled":true}}"
2018-05-14 15:03:45,658 [DEBUG] org.apache.http.headers  - http-outgoing-0 << HTTP/1.1 200 OK
2018-05-14 15:03:45,658 [DEBUG] org.apache.http.headers  - http-outgoing-0 << Content-Length:835
2018-05-14 15:03:45,658 [DEBUG] org.apache.http.headers  - http-outgoing-0 << Content-Type:application/json; charset=utf-8
2018-05-14 15:03:45,683 [DEBUG] org.apache.http.impl.execchain.MainClientExec  - Connection can be kept alive indefinitely
2018-05-14 15:03:45,739 [DEBUG] org.apache.http.impl.conn.PoolingHttpClientConnectionManager  - Connection [id: 0][route: {}->http://localhost:9334] can be kept alive indefinitely
2018-05-14 15:03:45,739 [DEBUG] org.apache.http.impl.conn.PoolingHttpClientConnectionManager  - Connection released: [id: 0][route: {}->http://localhost:9334][total kept alive: 1; route allocated: 1 of 2000; total allocated: 1 of 2000]
2018-05-14 15:03:46,249 [DEBUG] org.apache.http.client.protocol.RequestAddCookies  - CookieSpec selected: default
2018-05-14 15:03:46,249 [DEBUG] org.apache.http.client.protocol.RequestAuthCache  - Auth cache not set in the context
2018-05-14 15:03:46,250 [DEBUG] org.apache.http.impl.conn.PoolingHttpClientConnectionManager  - Connection request: [route: {}->http://localhost:9334][total kept alive: 1; route allocated: 1 of 2000; total allocated: 1 of 2000]
2018-05-14 15:03:46,250 [DEBUG] org.apache.http.impl.conn.PoolingHttpClientConnectionManager  - Connection leased: [id: 0][route: {}->http://localhost:9334][total kept alive: 0; route allocated: 1 of 2000; total allocated: 1 of 2000]
2018-05-14 15:03:46,250 [DEBUG] org.apache.http.impl.execchain.MainClientExec  - Stale connection check
2018-05-14 15:03:46,251 [DEBUG] org.apache.http.wire  - http-outgoing-0 << "[read] I/O error: Read timed out"
2018-05-14 15:03:46,251 [DEBUG] org.apache.http.impl.conn.DefaultManagedHttpClientConnection  - http-outgoing-0: set socket timeout to 10800000
2018-05-14 15:03:46,251 [DEBUG] org.apache.http.impl.execchain.MainClientExec  - Executing request POST /session/d6c373a13f3ce2050e479dc96c847143/window/current/maximize HTTP/1.1
2018-05-14 15:03:46,251 [DEBUG] org.apache.http.impl.execchain.MainClientExec  - Target auth state: UNCHALLENGED
2018-05-14 15:03:46,251 [DEBUG] org.apache.http.impl.execchain.MainClientExec  - Proxy auth state: UNCHALLENGED
2018-05-14 15:03:46,251 [DEBUG] org.apache.http.headers  - http-outgoing-0 >> POST /session/d6c373a13f3ce2050e479dc96c847143/window/current/maximize HTTP/1.1
2018-05-14 15:03:46,251 [DEBUG] org.apache.http.headers  - http-outgoing-0 >> Content-Type: application/json; charset=utf-8
2018-05-14 15:03:46,251 [DEBUG] org.apache.http.headers  - http-outgoing-0 >> Content-Length: 45
2018-05-14 15:03:46,251 [DEBUG] org.apache.http.headers  - http-outgoing-0 >> Host: localhost:9334
2018-05-14 15:03:46,252 [DEBUG] org.apache.http.headers  - http-outgoing-0 >> Connection: Keep-Alive
2018-05-14 15:03:46,252 [DEBUG] org.apache.http.headers  - http-outgoing-0 >> User-Agent: Apache-HttpClient/4.5.2 (Java/1.8.0_171)
2018-05-14 15:03:46,252 [DEBUG] org.apache.http.headers  - http-outgoing-0 >> Accept-Encoding: gzip,deflate
2018-05-14 15:03:46,252 [DEBUG] org.apache.http.wire  - http-outgoing-0 >> "POST /session/d6c373a13f3ce2050e479dc96c847143/window/current/maximize HTTP/1.1[\r][\n]"
2018-05-14 15:03:46,252 [DEBUG] org.apache.http.wire  - http-outgoing-0 >> "Content-Type: application/json; charset=utf-8[\r][\n]"
2018-05-14 15:03:46,252 [DEBUG] org.apache.http.wire  - http-outgoing-0 >> "Content-Length: 45[\r][\n]"
2018-05-14 15:03:46,252 [DEBUG] org.apache.http.wire  - http-outgoing-0 >> "Host: localhost:9334[\r][\n]"
2018-05-14 15:03:46,252 [DEBUG] org.apache.http.wire  - http-outgoing-0 >> "Connection: Keep-Alive[\r][\n]"
2018-05-14 15:03:46,252 [DEBUG] org.apache.http.wire  - http-outgoing-0 >> "User-Agent: Apache-HttpClient/4.5.2 (Java/1.8.0_171)[\r][\n]"
2018-05-14 15:03:46,252 [DEBUG] org.apache.http.wire  - http-outgoing-0 >> "Accept-Encoding: gzip,deflate[\r][\n]"
2018-05-14 15:03:46,252 [DEBUG] org.apache.http.wire  - http-outgoing-0 >> "[\r][\n]"
2018-05-14 15:03:46,252 [DEBUG] org.apache.http.wire  - http-outgoing-0 >> "{"windowHandle":"current","handle":"current"}"
2018-05-14 15:03:47,468 [DEBUG] org.apache.http.wire  - http-outgoing-0 << "HTTP/1.1 200 OK[\r][\n]"
2018-05-14 15:03:47,469 [DEBUG] org.apache.http.wire  - http-outgoing-0 << "Content-Length:72[\r][\n]"
2018-05-14 15:03:47,469 [DEBUG] org.apache.http.wire  - http-outgoing-0 << "Content-Type:application/json; charset=utf-8[\r][\n]"
2018-05-14 15:03:47,472 [DEBUG] org.apache.http.wire  - http-outgoing-0 << "[\r][\n]"
2018-05-14 15:03:47,472 [DEBUG] org.apache.http.wire  - http-outgoing-0 << "{"sessionId":"d6c373a13f3ce2050e479dc96c847143","status":0,"value":null}"
2018-05-14 15:03:47,472 [DEBUG] org.apache.http.headers  - http-outgoing-0 << HTTP/1.1 200 OK
2018-05-14 15:03:47,472 [DEBUG] org.apache.http.headers  - http-outgoing-0 << Content-Length:72
2018-05-14 15:03:47,473 [DEBUG] org.apache.http.headers  - http-outgoing-0 << Content-Type:application/json; charset=utf-8
2018-05-14 15:03:47,473 [DEBUG] org.apache.http.impl.execchain.MainClientExec  - Connection can be kept alive indefinitely
2018-05-14 15:03:47,473 [DEBUG] org.apache.http.impl.conn.PoolingHttpClientConnectionManager  - Connection [id: 0][route: {}->http://localhost:9334] can be kept alive indefinitely
2018-05-14 15:03:47,473 [DEBUG] org.apache.http.impl.conn.PoolingHttpClientConnectionManager  - Connection released: [id: 0][route: {}->http://localhost:9334][total kept alive: 1; route allocated: 1 of 2000; total allocated: 1 of 2000]
2018-05-14 15:03:47,493 [DEBUG] org.apache.http.client.protocol.RequestAddCookies  - CookieSpec selected: default
2018-05-14 15:03:47,493 [DEBUG] org.apache.http.client.protocol.RequestAuthCache  - Auth cache not set in the context
2018-05-14 15:03:47,493 [DEBUG] org.apache.http.impl.conn.PoolingHttpClientConnectionManager  - Connection request: [route: {}->http://localhost:9334][total kept alive: 1; route allocated: 1 of 2000; total allocated: 1 of 2000]
2018-05-14 15:03:47,494 [DEBUG] org.apache.http.impl.conn.PoolingHttpClientConnectionManager  - Connection leased: [id: 0][route: {}->http://localhost:9334][total kept alive: 0; route allocated: 1 of 2000; total allocated: 1 of 2000]
2018-05-14 15:03:47,494 [DEBUG] org.apache.http.impl.execchain.MainClientExec  - Stale connection check
2018-05-14 15:03:47,495 [DEBUG] org.apache.http.wire  - http-outgoing-0 << "[read] I/O error: Read timed out"
2018-05-14 15:03:47,495 [DEBUG] org.apache.http.impl.conn.DefaultManagedHttpClientConnection  - http-outgoing-0: set socket timeout to 10800000
2018-05-14 15:03:47,495 [DEBUG] org.apache.http.impl.execchain.MainClientExec  - Executing request POST /session/d6c373a13f3ce2050e479dc96c847143/url HTTP/1.1
2018-05-14 15:03:47,495 [DEBUG] org.apache.http.impl.execchain.MainClientExec  - Target auth state: UNCHALLENGED
2018-05-14 15:03:47,495 [DEBUG] org.apache.http.impl.execchain.MainClientExec  - Proxy auth state: UNCHALLENGED
2018-05-14 15:03:47,495 [DEBUG] org.apache.http.headers  - http-outgoing-0 >> POST /session/d6c373a13f3ce2050e479dc96c847143/url HTTP/1.1
2018-05-14 15:03:47,495 [DEBUG] org.apache.http.headers  - http-outgoing-0 >> Content-Type: application/json; charset=utf-8
2018-05-14 15:03:47,495 [DEBUG] org.apache.http.headers  - http-outgoing-0 >> Content-Length: 60
2018-05-14 15:03:47,496 [DEBUG] org.apache.http.headers  - http-outgoing-0 >> Host: localhost:9334
2018-05-14 15:03:47,496 [DEBUG] org.apache.http.headers  - http-outgoing-0 >> Connection: Keep-Alive
2018-05-14 15:03:47,496 [DEBUG] org.apache.http.headers  - http-outgoing-0 >> User-Agent: Apache-HttpClient/4.5.2 (Java/1.8.0_171)
2018-05-14 15:03:47,496 [DEBUG] org.apache.http.headers  - http-outgoing-0 >> Accept-Encoding: gzip,deflate
2018-05-14 15:03:47,498 [DEBUG] org.apache.http.wire  - http-outgoing-0 >> "POST /session/d6c373a13f3ce2050e479dc96c847143/url HTTP/1.1[\r][\n]"
2018-05-14 15:03:47,498 [DEBUG] org.apache.http.wire  - http-outgoing-0 >> "Content-Type: application/json; charset=utf-8[\r][\n]"
2018-05-14 15:03:47,498 [DEBUG] org.apache.http.wire  - http-outgoing-0 >> "Content-Length: 60[\r][\n]"
2018-05-14 15:03:47,498 [DEBUG] org.apache.http.wire  - http-outgoing-0 >> "Host: localhost:9334[\r][\n]"
2018-05-14 15:03:47,498 [DEBUG] org.apache.http.wire  - http-outgoing-0 >> "Connection: Keep-Alive[\r][\n]"
2018-05-14 15:03:47,498 [DEBUG] org.apache.http.wire  - http-outgoing-0 >> "User-Agent: Apache-HttpClient/4.5.2 (Java/1.8.0_171)[\r][\n]"
2018-05-14 15:03:47,498 [DEBUG] org.apache.http.wire  - http-outgoing-0 >> "Accept-Encoding: gzip,deflate[\r][\n]"
2018-05-14 15:03:47,498 [DEBUG] org.apache.http.wire  - http-outgoing-0 >> "[\r][\n]"
2018-05-14 15:03:47,498 [DEBUG] org.apache.http.wire  - http-outgoing-0 >> "{"url":"http://192.168.1.209:5555/bpamsclient/Default.aspx"}"
2018-05-14 15:05:41,993 [DEBUG] org.apache.http.wire  - http-outgoing-0 << "HTTP/1.1 200 OK[\r][\n]"
2018-05-14 15:05:41,993 [DEBUG] org.apache.http.wire  - http-outgoing-0 << "Content-Length:72[\r][\n]"
2018-05-14 15:05:41,993 [DEBUG] org.apache.http.wire  - http-outgoing-0 << "Content-Type:application/json; charset=utf-8[\r][\n]"
2018-05-14 15:05:41,993 [DEBUG] org.apache.http.wire  - http-outgoing-0 << "[\r][\n]"
2018-05-14 15:05:41,993 [DEBUG] org.apache.http.wire  - http-outgoing-0 << "{"sessionId":"d6c373a13f3ce2050e479dc96c847143","status":0,"value":null}"
2018-05-14 15:05:41,993 [DEBUG] org.apache.http.headers  - http-outgoing-0 << HTTP/1.1 200 OK
2018-05-14 15:05:41,993 [DEBUG] org.apache.http.headers  - http-outgoing-0 << Content-Length:72
2018-05-14 15:05:41,993 [DEBUG] org.apache.http.headers  - http-outgoing-0 << Content-Type:application/json; charset=utf-8
2018-05-14 15:05:41,994 [DEBUG] org.apache.http.impl.execchain.MainClientExec  - Connection can be kept alive indefinitely
2018-05-14 15:05:41,994 [DEBUG] org.apache.http.impl.conn.PoolingHttpClientConnectionManager  - Connection [id: 0][route: {}->http://localhost:9334] can be kept alive indefinitely
2018-05-14 15:05:41,994 [DEBUG] org.apache.http.impl.conn.PoolingHttpClientConnectionManager  - Connection released: [id: 0][route: {}->http://localhost:9334][total kept alive: 1; route allocated: 1 of 2000; total allocated: 1 of 2000]
2018-05-14 15:05:42,003 [DEBUG] org.apache.http.client.protocol.RequestAddCookies  - CookieSpec selected: default
2018-05-14 15:05:42,003 [DEBUG] org.apache.http.client.protocol.RequestAuthCache  - Auth cache not set in the context
2018-05-14 15:05:42,003 [DEBUG] org.apache.http.impl.conn.PoolingHttpClientConnectionManager  - Connection request: [route: {}->http://localhost:9334][total kept alive: 1; route allocated: 1 of 2000; total allocated: 1 of 2000]
2018-05-14 15:05:42,004 [DEBUG] org.apache.http.impl.conn.PoolingHttpClientConnectionManager  - Connection leased: [id: 0][route: {}->http://localhost:9334][total kept alive: 0; route allocated: 1 of 2000; total allocated: 1 of 2000]
2018-05-14 15:05:42,004 [DEBUG] org.apache.http.impl.execchain.MainClientExec  - Stale connection check
2018-05-14 15:05:42,008 [DEBUG] org.apache.http.wire  - http-outgoing-0 << "[read] I/O error: Read timed out"
2018-05-14 15:05:42,008 [DEBUG] org.apache.http.impl.conn.DefaultManagedHttpClientConnection  - http-outgoing-0: set socket timeout to 10800000
2018-05-14 15:05:42,008 [DEBUG] org.apache.http.impl.execchain.MainClientExec  - Executing request POST /session/d6c373a13f3ce2050e479dc96c847143/element HTTP/1.1
2018-05-14 15:05:42,008 [DEBUG] org.apache.http.impl.execchain.MainClientExec  - Target auth state: UNCHALLENGED
2018-05-14 15:05:42,008 [DEBUG] org.apache.http.impl.execchain.MainClientExec  - Proxy auth state: UNCHALLENGED
2018-05-14 15:05:42,008 [DEBUG] org.apache.http.headers  - http-outgoing-0 >> POST /session/d6c373a13f3ce2050e479dc96c847143/element HTTP/1.1
2018-05-14 15:05:42,008 [DEBUG] org.apache.http.headers  - http-outgoing-0 >> Content-Type: application/json; charset=utf-8
2018-05-14 15:05:42,008 [DEBUG] org.apache.http.headers  - http-outgoing-0 >> Content-Length: 45
2018-05-14 15:05:42,009 [DEBUG] org.apache.http.headers  - http-outgoing-0 >> Host: localhost:9334
2018-05-14 15:05:42,009 [DEBUG] org.apache.http.headers  - http-outgoing-0 >> Connection: Keep-Alive
2018-05-14 15:05:42,009 [DEBUG] org.apache.http.headers  - http-outgoing-0 >> User-Agent: Apache-HttpClient/4.5.2 (Java/1.8.0_171)
2018-05-14 15:05:42,009 [DEBUG] org.apache.http.headers  - http-outgoing-0 >> Accept-Encoding: gzip,deflate
2018-05-14 15:05:42,009 [DEBUG] org.apache.http.wire  - http-outgoing-0 >> "POST /session/d6c373a13f3ce2050e479dc96c847143/element HTTP/1.1[\r][\n]"
2018-05-14 15:05:42,009 [DEBUG] org.apache.http.wire  - http-outgoing-0 >> "Content-Type: application/json; charset=utf-8[\r][\n]"
2018-05-14 15:05:42,009 [DEBUG] org.apache.http.wire  - http-outgoing-0 >> "Content-Length: 45[\r][\n]"
2018-05-14 15:05:42,009 [DEBUG] org.apache.http.wire  - http-outgoing-0 >> "Host: localhost:9334[\r][\n]"
2018-05-14 15:05:42,009 [DEBUG] org.apache.http.wire  - http-outgoing-0 >> "Connection: Keep-Alive[\r][\n]"
2018-05-14 15:05:42,009 [DEBUG] org.apache.http.wire  - http-outgoing-0 >> "User-Agent: Apache-HttpClient/4.5.2 (Java/1.8.0_171)[\r][\n]"
2018-05-14 15:05:42,009 [DEBUG] org.apache.http.wire  - http-outgoing-0 >> "Accept-Encoding: gzip,deflate[\r][\n]"
2018-05-14 15:05:42,009 [DEBUG] org.apache.http.wire  - http-outgoing-0 >> "[\r][\n]"
2018-05-14 15:05:42,009 [DEBUG] org.apache.http.wire  - http-outgoing-0 >> "{"using":"xpath","value":".//*[@id='txtLN']"}"
2018-05-14 15:05:42,080 [DEBUG] org.apache.http.wire  - http-outgoing-0 << "HTTP/1.1 200 OK[\r][\n]"
2018-05-14 15:05:42,080 [DEBUG] org.apache.http.wire  - http-outgoing-0 << "Content-Length:348[\r][\n]"
2018-05-14 15:05:42,080 [DEBUG] org.apache.http.wire  - http-outgoing-0 << "Content-Type:application/json; charset=utf-8[\r][\n]"
2018-05-14 15:05:42,080 [DEBUG] org.apache.http.wire  - http-outgoing-0 << "[\r][\n]"
2018-05-14 15:05:42,080 [DEBUG] org.apache.http.wire  - http-outgoing-0 << "{"sessionId":"d6c373a13f3ce2050e479dc96c847143","status":7,"value":{"message":"no such element: Unable to locate element: {\"method\":\"xpath\",\"selector\":\".//*[@id='txtLN']\"}\n  (Session info: chrome=66.0.3359.117)\n  (Driver info: chromedriver=2.38.552522 (437e6fbedfa8762dec75e2c5b3ddb86763dc9dcb),platform=Windows NT 6.1.7601 SP1 x86_64)"}}"
2018-05-14 15:05:42,080 [DEBUG] org.apache.http.headers  - http-outgoing-0 << HTTP/1.1 200 OK
2018-05-14 15:05:42,080 [DEBUG] org.apache.http.headers  - http-outgoing-0 << Content-Length:348
2018-05-14 15:05:42,080 [DEBUG] org.apache.http.headers  - http-outgoing-0 << Content-Type:application/json; charset=utf-8
2018-05-14 15:05:42,081 [DEBUG] org.apache.http.impl.execchain.MainClientExec  - Connection can be kept alive indefinitely
2018-05-14 15:05:42,082 [DEBUG] org.apache.http.impl.conn.PoolingHttpClientConnectionManager  - Connection [id: 0][route: {}->http://localhost:9334] can be kept alive indefinitely
2018-05-14 15:05:42,082 [DEBUG] org.apache.http.impl.conn.PoolingHttpClientConnectionManager  - Connection released: [id: 0][route: {}->http://localhost:9334][total kept alive: 1; route allocated: 1 of 2000; total allocated: 1 of 2000]
